<!doctype html>
<html lang="en"><head><meta charSet="utf-8"/><meta http-equiv="X-UA-Compatible" content="IE=edge"/><meta name="viewport" content="width=device-width, initial-scale=1"/><title>Mochawesome Report</title><link rel="stylesheet" href="assets\app.css"/></head><body data-raw="{&quot;stats&quot;:{&quot;suites&quot;:1,&quot;tests&quot;:9,&quot;passes&quot;:5,&quot;pending&quot;:0,&quot;failures&quot;:4,&quot;testsRegistered&quot;:9,&quot;passPercent&quot;:55.55555555555556,&quot;pendingPercent&quot;:0,&quot;other&quot;:0,&quot;hasOther&quot;:false,&quot;skipped&quot;:0,&quot;hasSkipped&quot;:false,&quot;start&quot;:&quot;2026-01-10T16:25:26.455Z&quot;,&quot;end&quot;:&quot;2026-01-10T16:25:55.906Z&quot;,&quot;duration&quot;:29451},&quot;results&quot;:[{&quot;uuid&quot;:&quot;e4c14ce9-df65-42d3-919c-74f44cbb66d6&quot;,&quot;title&quot;:&quot;&quot;,&quot;fullFile&quot;:&quot;cypress\\e2e\\login.cy.js&quot;,&quot;file&quot;:&quot;cypress\\e2e\\login.cy.js&quot;,&quot;beforeHooks&quot;:[],&quot;afterHooks&quot;:[],&quot;tests&quot;:[],&quot;suites&quot;:[{&quot;uuid&quot;:&quot;02d29c57-52c1-4d3e-9472-5617f0fe0ae2&quot;,&quot;title&quot;:&quot;Login Page Tests&quot;,&quot;fullFile&quot;:&quot;cypress\\e2e\\login.cy.js&quot;,&quot;file&quot;:&quot;cypress\\e2e\\login.cy.js&quot;,&quot;beforeHooks&quot;:[],&quot;afterHooks&quot;:[],&quot;tests&quot;:[{&quot;title&quot;:&quot;TC_Login_001: Verify login page URL accessibility&quot;,&quot;fullTitle&quot;:&quot;Login Page Tests TC_Login_001: Verify login page URL accessibility&quot;,&quot;timedOut&quot;:null,&quot;duration&quot;:701,&quot;state&quot;:&quot;passed&quot;,&quot;speed&quot;:&quot;fast&quot;,&quot;pass&quot;:true,&quot;fail&quot;:false,&quot;pending&quot;:false,&quot;context&quot;:null,&quot;code&quot;:&quot;const ln = new _Login.default();\ncy.url().should(&#x27;include&#x27;, &#x27;/login&#x27;);&quot;,&quot;err&quot;:{},&quot;uuid&quot;:&quot;cc576c2b-a37e-42d9-ac9c-a9c8e9e76eef&quot;,&quot;parentUUID&quot;:&quot;02d29c57-52c1-4d3e-9472-5617f0fe0ae2&quot;,&quot;isHook&quot;:false,&quot;skipped&quot;:false},{&quot;title&quot;:&quot;TC_Login_006–009: Verify brand name and title&quot;,&quot;fullTitle&quot;:&quot;Login Page Tests TC_Login_006–009: Verify brand name and title&quot;,&quot;timedOut&quot;:null,&quot;duration&quot;:530,&quot;state&quot;:&quot;passed&quot;,&quot;speed&quot;:&quot;fast&quot;,&quot;pass&quot;:true,&quot;fail&quot;:false,&quot;pending&quot;:false,&quot;context&quot;:null,&quot;code&quot;:&quot;const ln = new _Login.default();\nln.verifyBrand();&quot;,&quot;err&quot;:{},&quot;uuid&quot;:&quot;47ad3400-35ec-4519-9b00-6d2e5046aefe&quot;,&quot;parentUUID&quot;:&quot;02d29c57-52c1-4d3e-9472-5617f0fe0ae2&quot;,&quot;isHook&quot;:false,&quot;skipped&quot;:false},{&quot;title&quot;:&quot;TC_Login_013–028: Verify placeholders and focus order&quot;,&quot;fullTitle&quot;:&quot;Login Page Tests TC_Login_013–028: Verify placeholders and focus order&quot;,&quot;timedOut&quot;:null,&quot;duration&quot;:477,&quot;state&quot;:&quot;passed&quot;,&quot;speed&quot;:&quot;fast&quot;,&quot;pass&quot;:true,&quot;fail&quot;:false,&quot;pending&quot;:false,&quot;context&quot;:null,&quot;code&quot;:&quot;const ln = new _Login.default();\nln.verifyFocusOrder();&quot;,&quot;err&quot;:{},&quot;uuid&quot;:&quot;21e17b28-56cc-4d4c-85c7-2bd9c38c5c05&quot;,&quot;parentUUID&quot;:&quot;02d29c57-52c1-4d3e-9472-5617f0fe0ae2&quot;,&quot;isHook&quot;:false,&quot;skipped&quot;:false},{&quot;title&quot;:&quot;TC_Login_103: Verify login without credentials&quot;,&quot;fullTitle&quot;:&quot;Login Page Tests TC_Login_103: Verify login without credentials&quot;,&quot;timedOut&quot;:null,&quot;duration&quot;:625,&quot;state&quot;:&quot;passed&quot;,&quot;speed&quot;:&quot;fast&quot;,&quot;pass&quot;:true,&quot;fail&quot;:false,&quot;pending&quot;:false,&quot;context&quot;:null,&quot;code&quot;:&quot;const ln = new _Login.default();\nln.WithoutCredentials();&quot;,&quot;err&quot;:{},&quot;uuid&quot;:&quot;179dff6a-f044-42cd-9995-a552b05e88f2&quot;,&quot;parentUUID&quot;:&quot;02d29c57-52c1-4d3e-9472-5617f0fe0ae2&quot;,&quot;isHook&quot;:false,&quot;skipped&quot;:false},{&quot;title&quot;:&quot;TC_Login_104: Verify invalid credentials handling&quot;,&quot;fullTitle&quot;:&quot;Login Page Tests TC_Login_104: Verify invalid credentials handling&quot;,&quot;timedOut&quot;:null,&quot;duration&quot;:5530,&quot;state&quot;:&quot;failed&quot;,&quot;speed&quot;:null,&quot;pass&quot;:false,&quot;fail&quot;:true,&quot;pending&quot;:false,&quot;context&quot;:&quot;[\n    {\n        \&quot;title\&quot;: \&quot;Failed screenshot\&quot;,\n        \&quot;value\&quot;: \&quot;screenshots\\\\login.cy.js/Login%20Page%20Tests%20--%20TC_Login_104%20Verify%20invalid%20credentials%20handling%20(failed).png\&quot;\n    }\n]&quot;,&quot;code&quot;:&quot;const ln = new _Login.default();\nln.InvalidCredentials(\&quot;invalidemail@gmail.com\&quot;, \&quot;wrongpass\&quot;);&quot;,&quot;err&quot;:{&quot;message&quot;:&quot;AssertionError: Timed out retrying after 4000ms: Expected to find element: `.absolute.text-xs.text-red-600`, but never found it.&quot;,&quot;estack&quot;:&quot;AssertionError: Timed out retrying after 4000ms: Expected to find element: `.absolute.text-xs.text-red-600`, but never found it.\n    at Login.InvalidCredentials (webpack://orangehrm-automation/./cypress/POMpages/Login.js:37:30)\n    at Context.eval (webpack://orangehrm-automation/./cypress/e2e/login.cy.js:53:7)&quot;,&quot;diff&quot;:null},&quot;uuid&quot;:&quot;b14e4066-62ea-4f8a-83c4-88b549a3b52e&quot;,&quot;parentUUID&quot;:&quot;02d29c57-52c1-4d3e-9472-5617f0fe0ae2&quot;,&quot;isHook&quot;:false,&quot;skipped&quot;:false},{&quot;title&quot;:&quot;TC_Login_105: Verify valid login works correctly&quot;,&quot;fullTitle&quot;:&quot;Login Page Tests TC_Login_105: Verify valid login works correctly&quot;,&quot;timedOut&quot;:null,&quot;duration&quot;:1773,&quot;state&quot;:&quot;passed&quot;,&quot;speed&quot;:&quot;fast&quot;,&quot;pass&quot;:true,&quot;fail&quot;:false,&quot;pending&quot;:false,&quot;context&quot;:null,&quot;code&quot;:&quot;const ln = new _Login.default();\nln.ValidLogin(\&quot;testuser@gmail.com\&quot;, \&quot;test123\&quot;);&quot;,&quot;err&quot;:{},&quot;uuid&quot;:&quot;a914f54e-fdf1-4a13-9b57-e16e46fc45fa&quot;,&quot;parentUUID&quot;:&quot;02d29c57-52c1-4d3e-9472-5617f0fe0ae2&quot;,&quot;isHook&quot;:false,&quot;skipped&quot;:false},{&quot;title&quot;:&quot;TC_Login_051: Verify XSS protection&quot;,&quot;fullTitle&quot;:&quot;Login Page Tests TC_Login_051: Verify XSS protection&quot;,&quot;timedOut&quot;:null,&quot;duration&quot;:5620,&quot;state&quot;:&quot;failed&quot;,&quot;speed&quot;:null,&quot;pass&quot;:false,&quot;fail&quot;:true,&quot;pending&quot;:false,&quot;context&quot;:&quot;[\n    {\n        \&quot;title\&quot;: \&quot;Failed screenshot\&quot;,\n        \&quot;value\&quot;: \&quot;screenshots\\\\login.cy.js/Login%20Page%20Tests%20--%20TC_Login_051%20Verify%20XSS%20protection%20(failed).png\&quot;\n    }\n]&quot;,&quot;code&quot;:&quot;const ln = new _Login.default();\nln.XssInjectionTest(&#x27;&lt;script&gt;alert(\&quot;XSS\&quot;)&lt;/script&gt;&#x27;);&quot;,&quot;err&quot;:{&quot;message&quot;:&quot;AssertionError: Timed out retrying after 4000ms: Expected to find element: `.absolute.text-xs.text-red-600`, but never found it.&quot;,&quot;estack&quot;:&quot;AssertionError: Timed out retrying after 4000ms: Expected to find element: `.absolute.text-xs.text-red-600`, but never found it.\n    at Login.XssInjectionTest (webpack://orangehrm-automation/./cypress/POMpages/Login.js:84:7)\n    at Context.eval (webpack://orangehrm-automation/./cypress/e2e/login.cy.js:64:7)&quot;,&quot;diff&quot;:null},&quot;uuid&quot;:&quot;6eba76d4-d51b-4b06-9dae-341fb09d873c&quot;,&quot;parentUUID&quot;:&quot;02d29c57-52c1-4d3e-9472-5617f0fe0ae2&quot;,&quot;isHook&quot;:false,&quot;skipped&quot;:false},{&quot;title&quot;:&quot;TC_Login_057–TC_Login_062: Verify SQL injection protection&quot;,&quot;fullTitle&quot;:&quot;Login Page Tests TC_Login_057–TC_Login_062: Verify SQL injection protection&quot;,&quot;timedOut&quot;:null,&quot;duration&quot;:5441,&quot;state&quot;:&quot;failed&quot;,&quot;speed&quot;:null,&quot;pass&quot;:false,&quot;fail&quot;:true,&quot;pending&quot;:false,&quot;context&quot;:&quot;[\n    {\n        \&quot;title\&quot;: \&quot;Failed screenshot\&quot;,\n        \&quot;value\&quot;: \&quot;screenshots\\\\login.cy.js/Login%20Page%20Tests%20--%20TC_Login_057%E2%80%93TC_Login_062%20Verify%20SQL%20injection%20protection%20(failed).png\&quot;\n    }\n]&quot;,&quot;code&quot;:&quot;const ln = new _Login.default();\nconst payloads = [\&quot;&#x27; OR &#x27;1&#x27;=&#x27;1\&quot;, \&quot;&#x27;;--\&quot;, \&quot;--\&quot;, &#x27;asd\&quot; OR \&quot;1\&quot;=\&quot;1\&quot; --&#x27;, \&quot;&#x27;; DROP TABLE users; --\&quot;];\npayloads.forEach(payload =&gt; {\n  ln.SqlInjectionTest(payload);\n});&quot;,&quot;err&quot;:{&quot;message&quot;:&quot;AssertionError: Timed out retrying after 4000ms: Expected to find element: `.absolute.text-xs.text-red-600`, but never found it.&quot;,&quot;estack&quot;:&quot;AssertionError: Timed out retrying after 4000ms: Expected to find element: `.absolute.text-xs.text-red-600`, but never found it.\n    at Login.SqlInjectionTest (webpack://orangehrm-automation/./cypress/POMpages/Login.js:69:30)\n    at eval (webpack://orangehrm-automation/./cypress/e2e/login.cy.js:78:9)\nat Array.forEach (&lt;anonymous&gt;)\n    at Context.eval (webpack://orangehrm-automation/./cypress/e2e/login.cy.js:77:13)&quot;,&quot;diff&quot;:null},&quot;uuid&quot;:&quot;3490042d-3348-4a42-83cc-0e385f258395&quot;,&quot;parentUUID&quot;:&quot;02d29c57-52c1-4d3e-9472-5617f0fe0ae2&quot;,&quot;isHook&quot;:false,&quot;skipped&quot;:false},{&quot;title&quot;:&quot;TC_Login_063–TC_Login_064: Verify brute-force throttle protection&quot;,&quot;fullTitle&quot;:&quot;Login Page Tests TC_Login_063–TC_Login_064: Verify brute-force throttle protection&quot;,&quot;timedOut&quot;:null,&quot;duration&quot;:8440,&quot;state&quot;:&quot;failed&quot;,&quot;speed&quot;:null,&quot;pass&quot;:false,&quot;fail&quot;:true,&quot;pending&quot;:false,&quot;context&quot;:&quot;[\n    {\n        \&quot;title\&quot;: \&quot;Failed screenshot\&quot;,\n        \&quot;value\&quot;: \&quot;screenshots\\\\login.cy.js/Login%20Page%20Tests%20--%20TC_Login_063%E2%80%93TC_Login_064%20Verify%20brute-force%20throttle%20protection%20(failed).png\&quot;\n    }\n]&quot;,&quot;code&quot;:&quot;const ln = new _Login.default();\nln.BruteForceThrottle(\&quot;invalid@user.com\&quot;, \&quot;wrongpass\&quot;, 6);&quot;,&quot;err&quot;:{&quot;message&quot;:&quot;AssertionError: Timed out retrying after 4000ms: Expected to find element: `input[placeholder=\&quot;Enter your email\&quot;]`, but never found it.&quot;,&quot;estack&quot;:&quot;AssertionError: Timed out retrying after 4000ms: Expected to find element: `input[placeholder=\&quot;Enter your email\&quot;]`, but never found it.\n    at set Username (webpack://orangehrm-automation/./cypress/POMpages/Login.js:16:7)\n    at Login.BruteForceThrottle (webpack://orangehrm-automation/./cypress/POMpages/Login.js:92:19)\n    at Context.eval (webpack://orangehrm-automation/./cypress/e2e/login.cy.js:84:7)&quot;,&quot;diff&quot;:null},&quot;uuid&quot;:&quot;50fc2d99-92a9-4616-bd53-65395120dd8e&quot;,&quot;parentUUID&quot;:&quot;02d29c57-52c1-4d3e-9472-5617f0fe0ae2&quot;,&quot;isHook&quot;:false,&quot;skipped&quot;:false}],&quot;suites&quot;:[],&quot;passes&quot;:[&quot;cc576c2b-a37e-42d9-ac9c-a9c8e9e76eef&quot;,&quot;47ad3400-35ec-4519-9b00-6d2e5046aefe&quot;,&quot;21e17b28-56cc-4d4c-85c7-2bd9c38c5c05&quot;,&quot;179dff6a-f044-42cd-9995-a552b05e88f2&quot;,&quot;a914f54e-fdf1-4a13-9b57-e16e46fc45fa&quot;],&quot;failures&quot;:[&quot;b14e4066-62ea-4f8a-83c4-88b549a3b52e&quot;,&quot;6eba76d4-d51b-4b06-9dae-341fb09d873c&quot;,&quot;3490042d-3348-4a42-83cc-0e385f258395&quot;,&quot;50fc2d99-92a9-4616-bd53-65395120dd8e&quot;],&quot;pending&quot;:[],&quot;skipped&quot;:[],&quot;duration&quot;:29137,&quot;root&quot;:false,&quot;rootEmpty&quot;:false,&quot;_timeout&quot;:2000}],&quot;passes&quot;:[],&quot;failures&quot;:[],&quot;pending&quot;:[],&quot;skipped&quot;:[],&quot;duration&quot;:0,&quot;root&quot;:true,&quot;rootEmpty&quot;:true,&quot;_timeout&quot;:2000}],&quot;meta&quot;:{&quot;mocha&quot;:{&quot;version&quot;:&quot;7.2.0&quot;},&quot;mochawesome&quot;:{&quot;options&quot;:{&quot;quiet&quot;:false,&quot;reportFilename&quot;:&quot;mochawesome&quot;,&quot;saveHtml&quot;:false,&quot;saveJson&quot;:true,&quot;consoleReporter&quot;:&quot;spec&quot;,&quot;useInlineDiffs&quot;:false,&quot;code&quot;:true},&quot;version&quot;:&quot;7.1.4&quot;},&quot;marge&quot;:{&quot;options&quot;:{&quot;overwrite&quot;:false,&quot;html&quot;:false,&quot;json&quot;:true,&quot;reportDir&quot;:&quot;cypress\\reports\\html\\.jsons&quot;},&quot;version&quot;:&quot;6.3.2&quot;}}}" data-config="{&quot;reportFilename&quot;:&quot;index.html&quot;,&quot;reportDir&quot;:&quot;C:\\Users\\Asus\\Desktop\\Proshore\\CyAutomation\\cypress\\reports\\html&quot;,&quot;reportTitle&quot;:&quot;CyAutomation&quot;,&quot;reportPageTitle&quot;:&quot;Mochawesome Report&quot;,&quot;inline&quot;:false,&quot;inlineAssets&quot;:false,&quot;cdn&quot;:false,&quot;charts&quot;:false,&quot;enableCharts&quot;:false,&quot;code&quot;:true,&quot;enableCode&quot;:true,&quot;autoOpen&quot;:false,&quot;overwrite&quot;:true,&quot;timestamp&quot;:false,&quot;ts&quot;:false,&quot;showPassed&quot;:true,&quot;showFailed&quot;:true,&quot;showPending&quot;:true,&quot;showSkipped&quot;:false,&quot;showHooks&quot;:&quot;failed&quot;,&quot;saveJson&quot;:false,&quot;saveHtml&quot;:true,&quot;dev&quot;:false,&quot;assetsDir&quot;:&quot;C:\\Users\\Asus\\Desktop\\Proshore\\CyAutomation\\cypress\\reports\\html\\assets&quot;,&quot;htmlFile&quot;:&quot;C:\\Users\\Asus\\Desktop\\Proshore\\CyAutomation\\cypress\\reports\\html\\index.html&quot;}"><div id="report"></div><script src="assets\app.js"></script></body></html>